<?xml version="1.0" encoding="UTF-8"?><testsuite errors="0" failures="0" name="com.bestbuy.bestbuyinfo.EndToEndCategoriesTest" skipped="0" tests="4" time="8.31" timestamp="2020-12-22T16:34:37.831Z[Europe/London]"><testcase classname="com.bestbuy.bestbuyinfo.EndToEndCategoriesTest" name="Create new categories"/><testcase classname="com.bestbuy.bestbuyinfo.EndToEndCategoriesTest" name="Getting categories information by Id"/><testcase classname="com.bestbuy.bestbuyinfo.EndToEndCategoriesTest" name="Getting all categories information"/><testcase classname="com.bestbuy.bestbuyinfo.EndToEndCategoriesTest" name="Delete the categories and verify if the categories is deleted!"/></testsuite>