<?xml version="1.0" encoding="UTF-8"?><testsuite errors="0" failures="0" name="com.bestbuy.bestbuyinfo.EndToEndServicesTest" skipped="0" tests="4" time="0.32" timestamp="2020-12-22T16:34:49.906Z[Europe/London]"><testcase classname="com.bestbuy.bestbuyinfo.EndToEndServicesTest" name="Create new Service"/><testcase classname="com.bestbuy.bestbuyinfo.EndToEndServicesTest" name="Getting service information by Id"/><testcase classname="com.bestbuy.bestbuyinfo.EndToEndServicesTest" name="Getting all service information"/><testcase classname="com.bestbuy.bestbuyinfo.EndToEndServicesTest" name="Delete the service and verify if the service is deleted!"/></testsuite>