<?xml version="1.0" encoding="UTF-8"?><testsuite errors="0" failures="0" name="com.bestbuy.bestbuyinfo.EndToEndStoresTest" skipped="0" tests="4" time="0.38" timestamp="2020-12-22T16:34:50.306Z[Europe/London]"><testcase classname="com.bestbuy.bestbuyinfo.EndToEndStoresTest" name="Create new Store"/><testcase classname="com.bestbuy.bestbuyinfo.EndToEndStoresTest" name="Getting store information by Id"/><testcase classname="com.bestbuy.bestbuyinfo.EndToEndStoresTest" name="Getting all stores information"/><testcase classname="com.bestbuy.bestbuyinfo.EndToEndStoresTest" name="Delete the store and verify if the store is deleted!"/></testsuite>